<?xml version="1.0" encoding="UTF-8"?>
<!-- Generated by org.testng.reporters.JUnitXMLReporter -->
<testsuite hostname="DESKTOP-UM0HNMF" name="Test" tests="4" failures="1" timestamp="22 Nov 2019 02:24:00 GMT" time="79.035" errors="0">
  <testcase name="basePageNavigation" time="19.646" classname="Academy.HomePage"/>
  <testcase name="basePageNavigation" time="20.84" classname="Academy.HomePage"/>
  <testcase name="basePageNavigation" time="8.984" classname="Academy.validateTitle">
    <failure type="java.lang.AssertionError" message="expected [Featured Courses] but found [FEATURED COURSES]">
      <![CDATA[java.lang.AssertionError: expected [Featured Courses] but found [FEATURED COURSES]
	at Academy.validateTitle.basePageNavigation(validateTitle.java:24)
... Removed 29 stack frames]]>
    </failure>
  </testcase> <!-- basePageNavigation -->
  <testcase name="basePageNavigation" time="24.405" classname="Academy.ValidateNavigationBar"/>
</testsuite> <!-- Test -->
