<?xml version="1.0" encoding="UTF-8"?>
<!-- Generated by org.testng.reporters.JUnitXMLReporter -->
<testsuite hostname="DESKTOP-UM0HNMF" name="Test" tests="4" failures="0" timestamp="22 Nov 2019 04:52:09 GMT" time="150.966" errors="0">
  <testcase name="basePageNavigation" time="26.311" classname="Academy.HomePage"/>
  <testcase name="basePageNavigation" time="28.564" classname="Academy.HomePage"/>
  <testcase name="basePageNavigation" time="34.413" classname="Academy.validateTitle"/>
  <testcase name="basePageNavigation" time="51.592" classname="Academy.ValidateNavigationBar"/>
</testsuite> <!-- Test -->
